2018-07-02 14:19:30,345 - Log4JLogChute initialized using file 'velocity.log'
2018-07-02 14:19:30,345 - Initializing Velocity, Calling init()...
2018-07-02 14:19:30,345 - Starting Apache Velocity v1.7 (compiled: 2010-11-19 12:14:37)
2018-07-02 14:19:30,346 - Default Properties File: org\apache\velocity\runtime\defaults\velocity.properties
2018-07-02 14:19:30,346 - Trying to use logger class org.apache.velocity.runtime.log.AvalonLogChute
2018-07-02 14:19:30,346 - Target log system for org.apache.velocity.runtime.log.AvalonLogChute is not available (java.lang.NoClassDefFoundError: org/apache/log/format/Formatter).  Falling back to next log system...
2018-07-02 14:19:30,346 - Trying to use logger class org.apache.velocity.runtime.log.Log4JLogChute
2018-07-02 14:19:30,346 - Using logger class org.apache.velocity.runtime.log.Log4JLogChute
2018-07-02 14:19:30,350 - ResourceLoader instantiated: org.apache.velocity.runtime.resource.loader.ClasspathResourceLoader
2018-07-02 14:19:30,368 - ResourceCache: initialized (class org.apache.velocity.runtime.resource.ResourceCacheImpl) with class java.util.Collections$SynchronizedMap cache map.
2018-07-02 14:19:30,369 - Loaded System Directive: org.apache.velocity.runtime.directive.Stop
2018-07-02 14:19:30,370 - Loaded System Directive: org.apache.velocity.runtime.directive.Define
2018-07-02 14:19:30,371 - Loaded System Directive: org.apache.velocity.runtime.directive.Break
2018-07-02 14:19:30,371 - Loaded System Directive: org.apache.velocity.runtime.directive.Evaluate
2018-07-02 14:19:30,372 - Loaded System Directive: org.apache.velocity.runtime.directive.Literal
2018-07-02 14:19:30,373 - Loaded System Directive: org.apache.velocity.runtime.directive.Macro
2018-07-02 14:19:30,374 - Loaded System Directive: org.apache.velocity.runtime.directive.Parse
2018-07-02 14:19:30,375 - Loaded System Directive: org.apache.velocity.runtime.directive.Include
2018-07-02 14:19:30,376 - Loaded System Directive: org.apache.velocity.runtime.directive.Foreach
2018-07-02 14:19:30,403 - Created '20' parsers.
2018-07-02 14:19:30,408 - Velocimacro : "velocimacro.library" is not set.  Trying default library: VM_global_library.vm
2018-07-02 14:19:30,409 - Could not load resource 'VM_global_library.vm' from ResourceLoader org.apache.velocity.runtime.resource.loader.ClasspathResourceLoader: ClasspathResourceLoader Error: cannot find resource VM_global_library.vm
2018-07-02 14:19:30,409 - Velocimacro : Default library not found.
2018-07-02 14:19:30,409 - Velocimacro : allowInline = true : VMs can be defined inline in templates
2018-07-02 14:19:30,409 - Velocimacro : allowInlineToOverride = false : VMs defined inline may NOT replace previous VM definitions
2018-07-02 14:19:30,409 - Velocimacro : allowInlineLocal = false : VMs defined inline will be global in scope if allowed.
2018-07-02 14:19:30,409 - Velocimacro : autoload off : VM system will not automatically reload global library macros
2018-07-02 14:19:30,429 - ResourceManager : found /templates/entity.java.vm with loader org.apache.velocity.runtime.resource.loader.ClasspathResourceLoader
2018-07-02 14:19:30,448 - ResourceManager : found /templates/mapper.java.vm with loader org.apache.velocity.runtime.resource.loader.ClasspathResourceLoader
2018-07-02 14:19:30,454 - ResourceManager : found /templates/mapper.xml.vm with loader org.apache.velocity.runtime.resource.loader.ClasspathResourceLoader
2018-07-02 14:19:30,457 - ResourceManager : found /templates/service.java.vm with loader org.apache.velocity.runtime.resource.loader.ClasspathResourceLoader
2018-07-02 14:19:30,459 - ResourceManager : found /templates/serviceImpl.java.vm with loader org.apache.velocity.runtime.resource.loader.ClasspathResourceLoader
2018-07-02 14:19:30,462 - ResourceManager : found /templates/controller.java.vm with loader org.apache.velocity.runtime.resource.loader.ClasspathResourceLoader
2018-08-20 12:09:26,766 - Log4JLogChute initialized using file 'velocity.log'
2018-08-20 12:09:26,782 - Initializing Velocity, Calling init()...
2018-08-20 12:09:26,783 - Starting Apache Velocity v1.7 (compiled: 2010-11-19 12:14:37)
2018-08-20 12:09:26,783 - Default Properties File: org\apache\velocity\runtime\defaults\velocity.properties
2018-08-20 12:09:26,783 - Trying to use logger class org.apache.velocity.runtime.log.AvalonLogChute
2018-08-20 12:09:26,783 - Target log system for org.apache.velocity.runtime.log.AvalonLogChute is not available (java.lang.NoClassDefFoundError: org/apache/log/format/Formatter).  Falling back to next log system...
2018-08-20 12:09:26,783 - Trying to use logger class org.apache.velocity.runtime.log.Log4JLogChute
2018-08-20 12:09:26,783 - Using logger class org.apache.velocity.runtime.log.Log4JLogChute
2018-08-20 12:09:26,788 - ResourceLoader instantiated: org.apache.velocity.runtime.resource.loader.ClasspathResourceLoader
2018-08-20 12:09:26,821 - ResourceCache: initialized (class org.apache.velocity.runtime.resource.ResourceCacheImpl) with class java.util.Collections$SynchronizedMap cache map.
2018-08-20 12:09:26,823 - Loaded System Directive: org.apache.velocity.runtime.directive.Stop
2018-08-20 12:09:26,824 - Loaded System Directive: org.apache.velocity.runtime.directive.Define
2018-08-20 12:09:26,824 - Loaded System Directive: org.apache.velocity.runtime.directive.Break
2018-08-20 12:09:26,825 - Loaded System Directive: org.apache.velocity.runtime.directive.Evaluate
2018-08-20 12:09:26,826 - Loaded System Directive: org.apache.velocity.runtime.directive.Literal
2018-08-20 12:09:26,826 - Loaded System Directive: org.apache.velocity.runtime.directive.Macro
2018-08-20 12:09:26,827 - Loaded System Directive: org.apache.velocity.runtime.directive.Parse
2018-08-20 12:09:26,828 - Loaded System Directive: org.apache.velocity.runtime.directive.Include
2018-08-20 12:09:26,829 - Loaded System Directive: org.apache.velocity.runtime.directive.Foreach
2018-08-20 12:09:26,855 - Created '20' parsers.
2018-08-20 12:09:26,859 - Velocimacro : "velocimacro.library" is not set.  Trying default library: VM_global_library.vm
2018-08-20 12:09:26,860 - Could not load resource 'VM_global_library.vm' from ResourceLoader org.apache.velocity.runtime.resource.loader.ClasspathResourceLoader: ClasspathResourceLoader Error: cannot find resource VM_global_library.vm
2018-08-20 12:09:26,860 - Velocimacro : Default library not found.
2018-08-20 12:09:26,860 - Velocimacro : allowInline = true : VMs can be defined inline in templates
2018-08-20 12:09:26,860 - Velocimacro : allowInlineToOverride = false : VMs defined inline may NOT replace previous VM definitions
2018-08-20 12:09:26,860 - Velocimacro : allowInlineLocal = false : VMs defined inline will be global in scope if allowed.
2018-08-20 12:09:26,860 - Velocimacro : autoload off : VM system will not automatically reload global library macros
2018-08-20 12:09:26,881 - ResourceManager : found /templates/entity.java.vm with loader org.apache.velocity.runtime.resource.loader.ClasspathResourceLoader
2018-08-20 12:09:26,916 - ResourceManager : found /templates/mapper.java.vm with loader org.apache.velocity.runtime.resource.loader.ClasspathResourceLoader
2018-08-20 12:09:26,921 - ResourceManager : found /templates/mapper.xml.vm with loader org.apache.velocity.runtime.resource.loader.ClasspathResourceLoader
2018-08-20 12:09:26,924 - ResourceManager : found /templates/service.java.vm with loader org.apache.velocity.runtime.resource.loader.ClasspathResourceLoader
2018-08-20 12:09:26,926 - ResourceManager : found /templates/serviceImpl.java.vm with loader org.apache.velocity.runtime.resource.loader.ClasspathResourceLoader
2018-08-20 12:09:26,929 - ResourceManager : found /templates/controller.java.vm with loader org.apache.velocity.runtime.resource.loader.ClasspathResourceLoader
2018-08-20 12:33:14,518 - Log4JLogChute initialized using file 'velocity.log'
2018-08-20 12:33:14,518 - Initializing Velocity, Calling init()...
2018-08-20 12:33:14,518 - Starting Apache Velocity v1.7 (compiled: 2010-11-19 12:14:37)
2018-08-20 12:33:14,518 - Default Properties File: org\apache\velocity\runtime\defaults\velocity.properties
2018-08-20 12:33:14,518 - Trying to use logger class org.apache.velocity.runtime.log.AvalonLogChute
2018-08-20 12:33:14,518 - Target log system for org.apache.velocity.runtime.log.AvalonLogChute is not available (java.lang.NoClassDefFoundError: org/apache/log/format/Formatter).  Falling back to next log system...
2018-08-20 12:33:14,519 - Trying to use logger class org.apache.velocity.runtime.log.Log4JLogChute
2018-08-20 12:33:14,519 - Using logger class org.apache.velocity.runtime.log.Log4JLogChute
2018-08-20 12:33:14,523 - ResourceLoader instantiated: org.apache.velocity.runtime.resource.loader.ClasspathResourceLoader
2018-08-20 12:33:14,541 - ResourceCache: initialized (class org.apache.velocity.runtime.resource.ResourceCacheImpl) with class java.util.Collections$SynchronizedMap cache map.
2018-08-20 12:33:14,543 - Loaded System Directive: org.apache.velocity.runtime.directive.Stop
2018-08-20 12:33:14,545 - Loaded System Directive: org.apache.velocity.runtime.directive.Define
2018-08-20 12:33:14,546 - Loaded System Directive: org.apache.velocity.runtime.directive.Break
2018-08-20 12:33:14,547 - Loaded System Directive: org.apache.velocity.runtime.directive.Evaluate
2018-08-20 12:33:14,548 - Loaded System Directive: org.apache.velocity.runtime.directive.Literal
2018-08-20 12:33:14,549 - Loaded System Directive: org.apache.velocity.runtime.directive.Macro
2018-08-20 12:33:14,551 - Loaded System Directive: org.apache.velocity.runtime.directive.Parse
2018-08-20 12:33:14,552 - Loaded System Directive: org.apache.velocity.runtime.directive.Include
2018-08-20 12:33:14,553 - Loaded System Directive: org.apache.velocity.runtime.directive.Foreach
2018-08-20 12:33:14,582 - Created '20' parsers.
2018-08-20 12:33:14,588 - Velocimacro : "velocimacro.library" is not set.  Trying default library: VM_global_library.vm
2018-08-20 12:33:14,589 - Could not load resource 'VM_global_library.vm' from ResourceLoader org.apache.velocity.runtime.resource.loader.ClasspathResourceLoader: ClasspathResourceLoader Error: cannot find resource VM_global_library.vm
2018-08-20 12:33:14,589 - Velocimacro : Default library not found.
2018-08-20 12:33:14,589 - Velocimacro : allowInline = true : VMs can be defined inline in templates
2018-08-20 12:33:14,589 - Velocimacro : allowInlineToOverride = false : VMs defined inline may NOT replace previous VM definitions
2018-08-20 12:33:14,589 - Velocimacro : allowInlineLocal = false : VMs defined inline will be global in scope if allowed.
2018-08-20 12:33:14,589 - Velocimacro : autoload off : VM system will not automatically reload global library macros
2018-08-20 12:33:14,697 - ResourceManager : found /templates/entity.java.vm with loader org.apache.velocity.runtime.resource.loader.ClasspathResourceLoader
2018-08-20 12:33:14,733 - ResourceManager : found /templates/mapper.java.vm with loader org.apache.velocity.runtime.resource.loader.ClasspathResourceLoader
2018-08-20 12:33:14,769 - ResourceManager : found /templates/mapper.xml.vm with loader org.apache.velocity.runtime.resource.loader.ClasspathResourceLoader
2018-08-20 12:33:14,786 - ResourceManager : found /templates/service.java.vm with loader org.apache.velocity.runtime.resource.loader.ClasspathResourceLoader
2018-08-20 12:33:14,811 - ResourceManager : found /templates/serviceImpl.java.vm with loader org.apache.velocity.runtime.resource.loader.ClasspathResourceLoader
2018-08-20 12:33:14,828 - ResourceManager : found /templates/controller.java.vm with loader org.apache.velocity.runtime.resource.loader.ClasspathResourceLoader
2018-08-23 10:11:57,246 - Log4JLogChute initialized using file 'velocity.log'
2018-08-23 10:11:57,246 - Initializing Velocity, Calling init()...
2018-08-23 10:11:57,246 - Starting Apache Velocity v1.7 (compiled: 2010-11-19 12:14:37)
2018-08-23 10:11:57,247 - Default Properties File: org\apache\velocity\runtime\defaults\velocity.properties
2018-08-23 10:11:57,247 - Trying to use logger class org.apache.velocity.runtime.log.AvalonLogChute
2018-08-23 10:11:57,247 - Target log system for org.apache.velocity.runtime.log.AvalonLogChute is not available (java.lang.NoClassDefFoundError: org/apache/log/format/Formatter).  Falling back to next log system...
2018-08-23 10:11:57,247 - Trying to use logger class org.apache.velocity.runtime.log.Log4JLogChute
2018-08-23 10:11:57,247 - Using logger class org.apache.velocity.runtime.log.Log4JLogChute
2018-08-23 10:11:57,250 - ResourceLoader instantiated: org.apache.velocity.runtime.resource.loader.ClasspathResourceLoader
2018-08-23 10:11:57,270 - ResourceCache: initialized (class org.apache.velocity.runtime.resource.ResourceCacheImpl) with class java.util.Collections$SynchronizedMap cache map.
2018-08-23 10:11:57,271 - Loaded System Directive: org.apache.velocity.runtime.directive.Stop
2018-08-23 10:11:57,272 - Loaded System Directive: org.apache.velocity.runtime.directive.Define
2018-08-23 10:11:57,273 - Loaded System Directive: org.apache.velocity.runtime.directive.Break
2018-08-23 10:11:57,273 - Loaded System Directive: org.apache.velocity.runtime.directive.Evaluate
2018-08-23 10:11:57,274 - Loaded System Directive: org.apache.velocity.runtime.directive.Literal
2018-08-23 10:11:57,275 - Loaded System Directive: org.apache.velocity.runtime.directive.Macro
2018-08-23 10:11:57,277 - Loaded System Directive: org.apache.velocity.runtime.directive.Parse
2018-08-23 10:11:57,278 - Loaded System Directive: org.apache.velocity.runtime.directive.Include
2018-08-23 10:11:57,280 - Loaded System Directive: org.apache.velocity.runtime.directive.Foreach
2018-08-23 10:11:57,306 - Created '20' parsers.
2018-08-23 10:11:57,310 - Velocimacro : "velocimacro.library" is not set.  Trying default library: VM_global_library.vm
2018-08-23 10:11:57,311 - Could not load resource 'VM_global_library.vm' from ResourceLoader org.apache.velocity.runtime.resource.loader.ClasspathResourceLoader: ClasspathResourceLoader Error: cannot find resource VM_global_library.vm
2018-08-23 10:11:57,311 - Velocimacro : Default library not found.
2018-08-23 10:11:57,311 - Velocimacro : allowInline = true : VMs can be defined inline in templates
2018-08-23 10:11:57,311 - Velocimacro : allowInlineToOverride = false : VMs defined inline may NOT replace previous VM definitions
2018-08-23 10:11:57,311 - Velocimacro : allowInlineLocal = false : VMs defined inline will be global in scope if allowed.
2018-08-23 10:11:57,312 - Velocimacro : autoload off : VM system will not automatically reload global library macros
2018-08-23 10:11:57,354 - ResourceManager : found /templates/entity.java.vm with loader org.apache.velocity.runtime.resource.loader.ClasspathResourceLoader
2018-08-23 10:11:57,395 - ResourceManager : found /templates/mapper.java.vm with loader org.apache.velocity.runtime.resource.loader.ClasspathResourceLoader
2018-08-23 10:11:57,402 - ResourceManager : found /templates/mapper.xml.vm with loader org.apache.velocity.runtime.resource.loader.ClasspathResourceLoader
2018-08-23 10:11:57,406 - ResourceManager : found /templates/service.java.vm with loader org.apache.velocity.runtime.resource.loader.ClasspathResourceLoader
2018-08-23 10:11:57,408 - ResourceManager : found /templates/serviceImpl.java.vm with loader org.apache.velocity.runtime.resource.loader.ClasspathResourceLoader
2018-08-23 10:11:57,411 - ResourceManager : found /templates/controller.java.vm with loader org.apache.velocity.runtime.resource.loader.ClasspathResourceLoader
2018-08-23 14:31:03,095 - Log4JLogChute initialized using file 'velocity.log'
2018-08-23 14:31:03,096 - Initializing Velocity, Calling init()...
2018-08-23 14:31:03,096 - Starting Apache Velocity v1.7 (compiled: 2010-11-19 12:14:37)
2018-08-23 14:31:03,096 - Default Properties File: org\apache\velocity\runtime\defaults\velocity.properties
2018-08-23 14:31:03,096 - Trying to use logger class org.apache.velocity.runtime.log.AvalonLogChute
2018-08-23 14:31:03,096 - Target log system for org.apache.velocity.runtime.log.AvalonLogChute is not available (java.lang.NoClassDefFoundError: org/apache/log/format/Formatter).  Falling back to next log system...
2018-08-23 14:31:03,096 - Trying to use logger class org.apache.velocity.runtime.log.Log4JLogChute
2018-08-23 14:31:03,096 - Using logger class org.apache.velocity.runtime.log.Log4JLogChute
2018-08-23 14:31:03,100 - ResourceLoader instantiated: org.apache.velocity.runtime.resource.loader.ClasspathResourceLoader
2018-08-23 14:31:03,113 - ResourceCache: initialized (class org.apache.velocity.runtime.resource.ResourceCacheImpl) with class java.util.Collections$SynchronizedMap cache map.
2018-08-23 14:31:03,114 - Loaded System Directive: org.apache.velocity.runtime.directive.Stop
2018-08-23 14:31:03,115 - Loaded System Directive: org.apache.velocity.runtime.directive.Define
2018-08-23 14:31:03,116 - Loaded System Directive: org.apache.velocity.runtime.directive.Break
2018-08-23 14:31:03,117 - Loaded System Directive: org.apache.velocity.runtime.directive.Evaluate
2018-08-23 14:31:03,117 - Loaded System Directive: org.apache.velocity.runtime.directive.Literal
2018-08-23 14:31:03,118 - Loaded System Directive: org.apache.velocity.runtime.directive.Macro
2018-08-23 14:31:03,119 - Loaded System Directive: org.apache.velocity.runtime.directive.Parse
2018-08-23 14:31:03,121 - Loaded System Directive: org.apache.velocity.runtime.directive.Include
2018-08-23 14:31:03,121 - Loaded System Directive: org.apache.velocity.runtime.directive.Foreach
2018-08-23 14:31:03,151 - Created '20' parsers.
2018-08-23 14:31:03,156 - Velocimacro : "velocimacro.library" is not set.  Trying default library: VM_global_library.vm
2018-08-23 14:31:03,156 - Could not load resource 'VM_global_library.vm' from ResourceLoader org.apache.velocity.runtime.resource.loader.ClasspathResourceLoader: ClasspathResourceLoader Error: cannot find resource VM_global_library.vm
2018-08-23 14:31:03,156 - Velocimacro : Default library not found.
2018-08-23 14:31:03,156 - Velocimacro : allowInline = true : VMs can be defined inline in templates
2018-08-23 14:31:03,156 - Velocimacro : allowInlineToOverride = false : VMs defined inline may NOT replace previous VM definitions
2018-08-23 14:31:03,156 - Velocimacro : allowInlineLocal = false : VMs defined inline will be global in scope if allowed.
2018-08-23 14:31:03,156 - Velocimacro : autoload off : VM system will not automatically reload global library macros
2018-08-23 14:31:03,181 - ResourceManager : found /templates/entity.java.vm with loader org.apache.velocity.runtime.resource.loader.ClasspathResourceLoader
2018-08-23 14:31:03,204 - ResourceManager : found /templates/mapper.java.vm with loader org.apache.velocity.runtime.resource.loader.ClasspathResourceLoader
2018-08-23 14:31:03,209 - ResourceManager : found /templates/mapper.xml.vm with loader org.apache.velocity.runtime.resource.loader.ClasspathResourceLoader
2018-08-23 14:31:03,213 - ResourceManager : found /templates/service.java.vm with loader org.apache.velocity.runtime.resource.loader.ClasspathResourceLoader
2018-08-23 14:31:03,216 - ResourceManager : found /templates/serviceImpl.java.vm with loader org.apache.velocity.runtime.resource.loader.ClasspathResourceLoader
2018-08-23 14:31:03,220 - ResourceManager : found /templates/controller.java.vm with loader org.apache.velocity.runtime.resource.loader.ClasspathResourceLoader
2018-08-23 17:02:02,343 - Log4JLogChute initialized using file 'velocity.log'
2018-08-23 17:02:02,343 - Initializing Velocity, Calling init()...
2018-08-23 17:02:02,343 - Starting Apache Velocity v1.7 (compiled: 2010-11-19 12:14:37)
2018-08-23 17:02:02,343 - Default Properties File: org\apache\velocity\runtime\defaults\velocity.properties
2018-08-23 17:02:02,343 - Trying to use logger class org.apache.velocity.runtime.log.AvalonLogChute
2018-08-23 17:02:02,343 - Target log system for org.apache.velocity.runtime.log.AvalonLogChute is not available (java.lang.NoClassDefFoundError: org/apache/log/format/Formatter).  Falling back to next log system...
2018-08-23 17:02:02,343 - Trying to use logger class org.apache.velocity.runtime.log.Log4JLogChute
2018-08-23 17:02:02,343 - Using logger class org.apache.velocity.runtime.log.Log4JLogChute
2018-08-23 17:02:02,348 - ResourceLoader instantiated: org.apache.velocity.runtime.resource.loader.ClasspathResourceLoader
2018-08-23 17:02:02,358 - ResourceCache: initialized (class org.apache.velocity.runtime.resource.ResourceCacheImpl) with class java.util.Collections$SynchronizedMap cache map.
2018-08-23 17:02:02,360 - Loaded System Directive: org.apache.velocity.runtime.directive.Stop
2018-08-23 17:02:02,361 - Loaded System Directive: org.apache.velocity.runtime.directive.Define
2018-08-23 17:02:02,362 - Loaded System Directive: org.apache.velocity.runtime.directive.Break
2018-08-23 17:02:02,363 - Loaded System Directive: org.apache.velocity.runtime.directive.Evaluate
2018-08-23 17:02:02,364 - Loaded System Directive: org.apache.velocity.runtime.directive.Literal
2018-08-23 17:02:02,364 - Loaded System Directive: org.apache.velocity.runtime.directive.Macro
2018-08-23 17:02:02,365 - Loaded System Directive: org.apache.velocity.runtime.directive.Parse
2018-08-23 17:02:02,367 - Loaded System Directive: org.apache.velocity.runtime.directive.Include
2018-08-23 17:02:02,367 - Loaded System Directive: org.apache.velocity.runtime.directive.Foreach
2018-08-23 17:02:02,396 - Created '20' parsers.
2018-08-23 17:02:02,401 - Velocimacro : "velocimacro.library" is not set.  Trying default library: VM_global_library.vm
2018-08-23 17:02:02,401 - Could not load resource 'VM_global_library.vm' from ResourceLoader org.apache.velocity.runtime.resource.loader.ClasspathResourceLoader: ClasspathResourceLoader Error: cannot find resource VM_global_library.vm
2018-08-23 17:02:02,402 - Velocimacro : Default library not found.
2018-08-23 17:02:02,402 - Velocimacro : allowInline = true : VMs can be defined inline in templates
2018-08-23 17:02:02,402 - Velocimacro : allowInlineToOverride = false : VMs defined inline may NOT replace previous VM definitions
2018-08-23 17:02:02,402 - Velocimacro : allowInlineLocal = false : VMs defined inline will be global in scope if allowed.
2018-08-23 17:02:02,402 - Velocimacro : autoload off : VM system will not automatically reload global library macros
2018-08-23 17:02:02,421 - ResourceManager : found /templates/entity.java.vm with loader org.apache.velocity.runtime.resource.loader.ClasspathResourceLoader
2018-08-23 17:02:02,438 - ResourceManager : found /templates/mapper.java.vm with loader org.apache.velocity.runtime.resource.loader.ClasspathResourceLoader
2018-08-23 17:02:02,443 - ResourceManager : found /templates/mapper.xml.vm with loader org.apache.velocity.runtime.resource.loader.ClasspathResourceLoader
2018-08-23 17:02:02,448 - ResourceManager : found /templates/service.java.vm with loader org.apache.velocity.runtime.resource.loader.ClasspathResourceLoader
2018-08-23 17:02:02,450 - ResourceManager : found /templates/serviceImpl.java.vm with loader org.apache.velocity.runtime.resource.loader.ClasspathResourceLoader
2018-08-23 17:02:02,453 - ResourceManager : found /templates/controller.java.vm with loader org.apache.velocity.runtime.resource.loader.ClasspathResourceLoader
